# JRE version: Java(TM) SE Runtime Environment (7.0_51-b13) (build 1.7.0_51-b13)
# Java VM: Java HotSpot(TM) 64-Bit Server VM (24.51-b03 mixed mode windows-amd64 compressed oops)
Heap
 PSYoungGen      total 73728K, used 6554K [0x00000000eaa80000, 0x00000000ef880000, 0x0000000100000000)
  eden space 67584K, 1% used [0x00000000eaa80000,0x00000000eabbbac0,0x00000000eec80000)
  from space 6144K, 86% used [0x00000000ef280000,0x00000000ef7aafe8,0x00000000ef880000)
  to   space 6144K, 0% used [0x00000000eec80000,0x00000000eec80000,0x00000000ef280000)
 ParOldGen       total 43520K, used 9890K [0x00000000c0000000, 0x00000000c2a80000, 0x00000000eaa80000)
  object space 43520K, 22% used [0x00000000c0000000,0x00000000c09a8a10,0x00000000c2a80000)
 PSPermGen       total 21504K, used 19761K [0x00000000bae00000, 0x00000000bc300000, 0x00000000c0000000)
  object space 21504K, 91% used [0x00000000bae00000,0x00000000bc14c588,0x00000000bc300000)
GC Heap History (10 events):
Event: 4.325 GC heap before
{Heap before GC invocations=2 (full 0):
 PSYoungGen      total 19456K, used 19424K [0x00000000eaa80000, 0x00000000ec000000, 0x0000000100000000)
  eden space 16896K, 100% used [0x00000000eaa80000,0x00000000ebb00000,0x00000000ebb00000)
  from space 2560K, 98% used [0x00000000ebb00000,0x00000000ebd78010,0x00000000ebd80000)
  to   space 2560K, 0% used [0x00000000ebd80000,0x00000000ebd80000,0x00000000ec000000)
 ParOldGen       total 43520K, used 2678K [0x00000000c0000000, 0x00000000c2a80000, 0x00000000eaa80000)
  object space 43520K, 6% used [0x00000000c0000000,0x00000000c029db78,0x00000000c2a80000)
 PSPermGen       total 21504K, used 17698K [0x00000000bae00000, 0x00000000bc300000, 0x00000000c0000000)
  object space 21504K, 82% used [0x00000000bae00000,0x00000000bbf48b98,0x00000000bc300000)
Event: 4.347 GC heap after
Heap after GC invocations=2 (full 0):
 PSYoungGen      total 19456K, used 2546K [0x00000000eaa80000, 0x00000000ed080000, 0x0000000100000000)
  eden space 16896K, 0% used [0x00000000eaa80000,0x00000000eaa80000,0x00000000ebb00000)
  from space 2560K, 99% used [0x00000000ebd80000,0x00000000ebffca00,0x00000000ec000000)
  to   space 2560K, 0% used [0x00000000ebb00000,0x00000000ebb00000,0x00000000ebd80000)
 ParOldGen       total 43520K, used 5173K [0x00000000c0000000, 0x00000000c2a80000, 0x00000000eaa80000)
  object space 43520K, 11% used [0x00000000c0000000,0x00000000c050d690,0x00000000c2a80000)
 PSPermGen       total 21504K, used 17698K [0x00000000bae00000, 0x00000000bc300000, 0x00000000c0000000)
  object space 21504K, 82% used [0x00000000bae00000,0x00000000bbf48b98,0x00000000bc300000)
}
Event: 4.952 GC heap before
{Heap before GC invocations=3 (full 0):
 PSYoungGen      total 19456K, used 19442K [0x00000000eaa80000, 0x00000000ed080000, 0x0000000100000000)
  eden space 16896K, 100% used [0x00000000eaa80000,0x00000000ebb00000,0x00000000ebb00000)
  from space 2560K, 99% used [0x00000000ebd80000,0x00000000ebffca00,0x00000000ec000000)
  to   space 2560K, 0% used [0x00000000ebb00000,0x00000000ebb00000,0x00000000ebd80000)
 ParOldGen       total 43520K, used 5173K [0x00000000c0000000, 0x00000000c2a80000, 0x00000000eaa80000)
  object space 43520K, 11% used [0x00000000c0000000,0x00000000c050d690,0x00000000c2a80000)
 PSPermGen       total 21504K, used 18376K [0x00000000bae00000, 0x00000000bc300000, 0x00000000c0000000)
  object space 21504K, 85% used [0x00000000bae00000,0x00000000bbff22b8,0x00000000bc300000)
Event: 4.967 GC heap after
Heap after GC invocations=3 (full 0):
 PSYoungGen      total 19456K, used 2530K [0x00000000eaa80000, 0x00000000ed080000, 0x0000000100000000)
  eden space 16896K, 0% used [0x00000000eaa80000,0x00000000eaa80000,0x00000000ebb00000)
  from space 2560K, 98% used [0x00000000ebb00000,0x00000000ebd789e0,0x00000000ebd80000)
  to   space 2560K, 0% used [0x00000000ece00000,0x00000000ece00000,0x00000000ed080000)
 ParOldGen       total 43520K, used 6693K [0x00000000c0000000, 0x00000000c2a80000, 0x00000000eaa80000)
  object space 43520K, 15% used [0x00000000c0000000,0x00000000c0689700,0x00000000c2a80000)
 PSPermGen       total 21504K, used 18376K [0x00000000bae00000, 0x00000000bc300000, 0x00000000c0000000)
  object space 21504K, 85% used [0x00000000bae00000,0x00000000bbff22b8,0x00000000bc300000)
}
Event: 10.946 GC heap before
{Heap before GC invocations=4 (full 0):
 PSYoungGen      total 19456K, used 19426K [0x00000000eaa80000, 0x00000000ed080000, 0x0000000100000000)
  eden space 16896K, 100% used [0x00000000eaa80000,0x00000000ebb00000,0x00000000ebb00000)
  from space 2560K, 98% used [0x00000000ebb00000,0x00000000ebd789e0,0x00000000ebd80000)
  to   space 2560K, 0% used [0x00000000ece00000,0x00000000ece00000,0x00000000ed080000)
 ParOldGen       total 43520K, used 6693K [0x00000000c0000000, 0x00000000c2a80000, 0x00000000eaa80000)
  object space 43520K, 15% used [0x00000000c0000000,0x00000000c0689700,0x00000000c2a80000)
 PSPermGen       total 21504K, used 19154K [0x00000000bae00000, 0x00000000bc300000, 0x00000000c0000000)
  object space 21504K, 89% used [0x00000000bae00000,0x00000000bc0b4948,0x00000000bc300000)
Event: 10.958 GC heap after
Heap after GC invocations=4 (full 0):
 PSYoungGen      total 36352K, used 2546K [0x00000000eaa80000, 0x00000000ed080000, 0x0000000100000000)
  eden space 33792K, 0% used [0x00000000eaa80000,0x00000000eaa80000,0x00000000ecb80000)
  from space 2560K, 99% used [0x00000000ece00000,0x00000000ed07c9f0,0x00000000ed080000)
  to   space 2560K, 0% used [0x00000000ecb80000,0x00000000ecb80000,0x00000000ece00000)
 ParOldGen       total 43520K, used 7724K [0x00000000c0000000, 0x00000000c2a80000, 0x00000000eaa80000)
  object space 43520K, 17% used [0x00000000c0000000,0x00000000c078b2a0,0x00000000c2a80000)
 PSPermGen       total 21504K, used 19154K [0x00000000bae00000, 0x00000000bc300000, 0x00000000c0000000)
  object space 21504K, 89% used [0x00000000bae00000,0x00000000bc0b4948,0x00000000bc300000)
}
Event: 12.979 GC heap before
{Heap before GC invocations=5 (full 0):
 PSYoungGen      total 36352K, used 36338K [0x00000000eaa80000, 0x00000000ed080000, 0x0000000100000000)
  eden space 33792K, 100% used [0x00000000eaa80000,0x00000000ecb80000,0x00000000ecb80000)
  from space 2560K, 99% used [0x00000000ece00000,0x00000000ed07c9f0,0x00000000ed080000)
  to   space 2560K, 0% used [0x00000000ecb80000,0x00000000ecb80000,0x00000000ece00000)
 ParOldGen       total 43520K, used 7724K [0x00000000c0000000, 0x00000000c2a80000, 0x00000000eaa80000)
  object space 43520K, 17% used [0x00000000c0000000,0x00000000c078b2a0,0x00000000c2a80000)
 PSPermGen       total 21504K, used 19231K [0x00000000bae00000, 0x00000000bc300000, 0x00000000c0000000)
  object space 21504K, 89% used [0x00000000bae00000,0x00000000bc0c7c90,0x00000000bc300000)
Event: 12.991 GC heap after
Heap after GC invocations=5 (full 0):
 PSYoungGen      total 36352K, used 2546K [0x00000000eaa80000, 0x00000000ef880000, 0x0000000100000000)
  eden space 33792K, 0% used [0x00000000eaa80000,0x00000000eaa80000,0x00000000ecb80000)
  from space 2560K, 99% used [0x00000000ecb80000,0x00000000ecdfc9f0,0x00000000ece00000)
  to   space 6144K, 0% used [0x00000000ef280000,0x00000000ef280000,0x00000000ef880000)
 ParOldGen       total 43520K, used 9890K [0x00000000c0000000, 0x00000000c2a80000, 0x00000000eaa80000)
  object space 43520K, 22% used [0x00000000c0000000,0x00000000c09a8a10,0x00000000c2a80000)
 PSPermGen       total 21504K, used 19231K [0x00000000bae00000, 0x00000000bc300000, 0x00000000c0000000)
  object space 21504K, 89% used [0x00000000bae00000,0x00000000bc0c7c90,0x00000000bc300000)
}
Event: 14.830 GC heap before
{Heap before GC invocations=6 (full 0):
 PSYoungGen      total 36352K, used 36338K [0x00000000eaa80000, 0x00000000ef880000, 0x0000000100000000)
  eden space 33792K, 100% used [0x00000000eaa80000,0x00000000ecb80000,0x00000000ecb80000)
  from space 2560K, 99% used [0x00000000ecb80000,0x00000000ecdfc9f0,0x00000000ece00000)
  to   space 6144K, 0% used [0x00000000ef280000,0x00000000ef280000,0x00000000ef880000)
 ParOldGen       total 43520K, used 9890K [0x00000000c0000000, 0x00000000c2a80000, 0x00000000eaa80000)
  object space 43520K, 22% used [0x00000000c0000000,0x00000000c09a8a10,0x00000000c2a80000)
 PSPermGen       total 21504K, used 19741K [0x00000000bae00000, 0x00000000bc300000, 0x00000000c0000000)
  object space 21504K, 91% used [0x00000000bae00000,0x00000000bc147750,0x00000000bc300000)
Event: 14.869 GC heap after
Heap after GC invocations=6 (full 0):
 PSYoungGen      total 73728K, used 5291K [0x00000000eaa80000, 0x00000000ef880000, 0x0000000100000000)
  eden space 67584K, 0% used [0x00000000eaa80000,0x00000000eaa80000,0x00000000eec80000)
  from space 6144K, 86% used [0x00000000ef280000,0x00000000ef7aafe8,0x00000000ef880000)
  to   space 6144K, 0% used [0x00000000eec80000,0x00000000eec80000,0x00000000ef280000)
 ParOldGen       total 43520K, used 9890K [0x00000000c0000000, 0x00000000c2a80000, 0x00000000eaa80000)
  object space 43520K, 22% used [0x00000000c0000000,0x00000000c09a8a10,0x00000000c2a80000)
 PSPermGen       total 21504K, used 19741K [0x00000000bae00000, 0x00000000bc300000, 0x00000000c0000000)
  object space 21504K, 91% used [0x00000000bae00000,0x00000000bc147750,0x00000000bc300000)
}

