# JRE version: Java(TM) SE Runtime Environment (7.0_51-b13) (build 1.7.0_51-b13)
# Java VM: Java HotSpot(TM) 64-Bit Server VM (24.51-b03 mixed mode windows-amd64 compressed oops)
Heap
 PSYoungGen      total 36352K, used 28044K [0x00000000eaa80000, 0x00000000ed080000, 0x0000000100000000)
  eden space 33792K, 75% used [0x00000000eaa80000,0x00000000ec36a808,0x00000000ecb80000)
  from space 2560K, 98% used [0x00000000ece00000,0x00000000ed078a00,0x00000000ed080000)
  to   space 2560K, 0% used [0x00000000ecb80000,0x00000000ecb80000,0x00000000ece00000)
 ParOldGen       total 166400K, used 146003K [0x00000000c0000000, 0x00000000ca280000, 0x00000000eaa80000)
  object space 166400K, 87% used [0x00000000c0000000,0x00000000c8e94dc0,0x00000000ca280000)
 PSPermGen       total 21504K, used 19993K [0x00000000bae00000, 0x00000000bc300000, 0x00000000c0000000)
  object space 21504K, 92% used [0x00000000bae00000,0x00000000bc1867a0,0x00000000bc300000)
GC Heap History (8 events):
Event: 3.002 GC heap before
{Heap before GC invocations=1 (full 0):
 PSYoungGen      total 19456K, used 16896K [0x00000000eaa80000, 0x00000000ec000000, 0x0000000100000000)
  eden space 16896K, 100% used [0x00000000eaa80000,0x00000000ebb00000,0x00000000ebb00000)
  from space 2560K, 0% used [0x00000000ebd80000,0x00000000ebd80000,0x00000000ec000000)
  to   space 2560K, 0% used [0x00000000ebb00000,0x00000000ebb00000,0x00000000ebd80000)
 ParOldGen       total 43520K, used 0K [0x00000000c0000000, 0x00000000c2a80000, 0x00000000eaa80000)
  object space 43520K, 0% used [0x00000000c0000000,0x00000000c0000000,0x00000000c2a80000)
 PSPermGen       total 21504K, used 15048K [0x00000000bae00000, 0x00000000bc300000, 0x00000000c0000000)
  object space 21504K, 69% used [0x00000000bae00000,0x00000000bbcb2210,0x00000000bc300000)
Event: 3.014 GC heap after
Heap after GC invocations=1 (full 0):
 PSYoungGen      total 19456K, used 2544K [0x00000000eaa80000, 0x00000000ec000000, 0x0000000100000000)
  eden space 16896K, 0% used [0x00000000eaa80000,0x00000000eaa80000,0x00000000ebb00000)
  from space 2560K, 99% used [0x00000000ebb00000,0x00000000ebd7c020,0x00000000ebd80000)
  to   space 2560K, 0% used [0x00000000ebd80000,0x00000000ebd80000,0x00000000ec000000)
 ParOldGen       total 43520K, used 2606K [0x00000000c0000000, 0x00000000c2a80000, 0x00000000eaa80000)
  object space 43520K, 5% used [0x00000000c0000000,0x00000000c028b860,0x00000000c2a80000)
 PSPermGen       total 21504K, used 15048K [0x00000000bae00000, 0x00000000bc300000, 0x00000000c0000000)
  object space 21504K, 69% used [0x00000000bae00000,0x00000000bbcb2210,0x00000000bc300000)
}
Event: 3.651 GC heap before
{Heap before GC invocations=2 (full 0):
 PSYoungGen      total 19456K, used 19440K [0x00000000eaa80000, 0x00000000ec000000, 0x0000000100000000)
  eden space 16896K, 100% used [0x00000000eaa80000,0x00000000ebb00000,0x00000000ebb00000)
  from space 2560K, 99% used [0x00000000ebb00000,0x00000000ebd7c020,0x00000000ebd80000)
  to   space 2560K, 0% used [0x00000000ebd80000,0x00000000ebd80000,0x00000000ec000000)
 ParOldGen       total 43520K, used 2606K [0x00000000c0000000, 0x00000000c2a80000, 0x00000000eaa80000)
  object space 43520K, 5% used [0x00000000c0000000,0x00000000c028b860,0x00000000c2a80000)
 PSPermGen       total 21504K, used 17279K [0x00000000bae00000, 0x00000000bc300000, 0x00000000c0000000)
  object space 21504K, 80% used [0x00000000bae00000,0x00000000bbedfe18,0x00000000bc300000)
Event: 3.678 GC heap after
Heap after GC invocations=2 (full 0):
 PSYoungGen      total 19456K, used 2546K [0x00000000eaa80000, 0x00000000ed080000, 0x0000000100000000)
  eden space 16896K, 0% used [0x00000000eaa80000,0x00000000eaa80000,0x00000000ebb00000)
  from space 2560K, 99% used [0x00000000ebd80000,0x00000000ebffca00,0x00000000ec000000)
  to   space 2560K, 0% used [0x00000000ebb00000,0x00000000ebb00000,0x00000000ebd80000)
 ParOldGen       total 43520K, used 5034K [0x00000000c0000000, 0x00000000c2a80000, 0x00000000eaa80000)
  object space 43520K, 11% used [0x00000000c0000000,0x00000000c04ea858,0x00000000c2a80000)
 PSPermGen       total 21504K, used 17279K [0x00000000bae00000, 0x00000000bc300000, 0x00000000c0000000)
  object space 21504K, 80% used [0x00000000bae00000,0x00000000bbedfe18,0x00000000bc300000)
}
Event: 4.256 GC heap before
{Heap before GC invocations=3 (full 0):
 PSYoungGen      total 19456K, used 19163K [0x00000000eaa80000, 0x00000000ed080000, 0x0000000100000000)
  eden space 16896K, 98% used [0x00000000eaa80000,0x00000000ebaba390,0x00000000ebb00000)
  from space 2560K, 99% used [0x00000000ebd80000,0x00000000ebffca00,0x00000000ec000000)
  to   space 2560K, 0% used [0x00000000ebb00000,0x00000000ebb00000,0x00000000ebd80000)
 ParOldGen       total 43520K, used 5034K [0x00000000c0000000, 0x00000000c2a80000, 0x00000000eaa80000)
  object space 43520K, 11% used [0x00000000c0000000,0x00000000c04ea858,0x00000000c2a80000)
 PSPermGen       total 21504K, used 18729K [0x00000000bae00000, 0x00000000bc300000, 0x00000000c0000000)
  object space 21504K, 87% used [0x00000000bae00000,0x00000000bc04a7a8,0x00000000bc300000)
Event: 4.285 GC heap after
Heap after GC invocations=3 (full 0):
 PSYoungGen      total 19456K, used 2530K [0x00000000eaa80000, 0x00000000ed080000, 0x0000000100000000)
  eden space 16896K, 0% used [0x00000000eaa80000,0x00000000eaa80000,0x00000000ebb00000)
  from space 2560K, 98% used [0x00000000ebb00000,0x00000000ebd78a00,0x00000000ebd80000)
  to   space 2560K, 0% used [0x00000000ece00000,0x00000000ece00000,0x00000000ed080000)
 ParOldGen       total 43520K, used 8574K [0x00000000c0000000, 0x00000000c2a80000, 0x00000000eaa80000)
  object space 43520K, 19% used [0x00000000c0000000,0x00000000c085f818,0x00000000c2a80000)
 PSPermGen       total 21504K, used 18729K [0x00000000bae00000, 0x00000000bc300000, 0x00000000c0000000)
  object space 21504K, 87% used [0x00000000bae00000,0x00000000bc04a7a8,0x00000000bc300000)
}
Event: 4.740 GC heap before
{Heap before GC invocations=4 (full 0):
 PSYoungGen      total 19456K, used 19426K [0x00000000eaa80000, 0x00000000ed080000, 0x0000000100000000)
  eden space 16896K, 100% used [0x00000000eaa80000,0x00000000ebb00000,0x00000000ebb00000)
  from space 2560K, 98% used [0x00000000ebb00000,0x00000000ebd78a00,0x00000000ebd80000)
  to   space 2560K, 0% used [0x00000000ece00000,0x00000000ece00000,0x00000000ed080000)
 ParOldGen       total 166400K, used 145366K [0x00000000c0000000, 0x00000000ca280000, 0x00000000eaa80000)
  object space 166400K, 87% used [0x00000000c0000000,0x00000000c8df5ae0,0x00000000ca280000)
 PSPermGen       total 21504K, used 18919K [0x00000000bae00000, 0x00000000bc300000, 0x00000000c0000000)
  object space 21504K, 87% used [0x00000000bae00000,0x00000000bc079c28,0x00000000bc300000)
Event: 4.749 GC heap after
Heap after GC invocations=4 (full 0):
 PSYoungGen      total 36352K, used 2530K [0x00000000eaa80000, 0x00000000ed080000, 0x0000000100000000)
  eden space 33792K, 0% used [0x00000000eaa80000,0x00000000eaa80000,0x00000000ecb80000)
  from space 2560K, 98% used [0x00000000ece00000,0x00000000ed078a00,0x00000000ed080000)
  to   space 2560K, 0% used [0x00000000ecb80000,0x00000000ecb80000,0x00000000ece00000)
 ParOldGen       total 166400K, used 146003K [0x00000000c0000000, 0x00000000ca280000, 0x00000000eaa80000)
  object space 166400K, 87% used [0x00000000c0000000,0x00000000c8e94dc0,0x00000000ca280000)
 PSPermGen       total 21504K, used 18919K [0x00000000bae00000, 0x00000000bc300000, 0x00000000c0000000)
  object space 21504K, 87% used [0x00000000bae00000,0x00000000bc079c28,0x00000000bc300000)
}

