# JRE version: Java(TM) SE Runtime Environment (7.0_51-b13) (build 1.7.0_51-b13)
# Java VM: Java HotSpot(TM) 64-Bit Server VM (24.51-b03 mixed mode windows-amd64 compressed oops)
Heap
 PSYoungGen      total 23040K, used 8493K [0x00000000eaa80000, 0x00000000ef400000, 0x0000000100000000)
  eden space 20992K, 31% used [0x00000000eaa80000,0x00000000eb10b2c0,0x00000000ebf00000)
  from space 2048K, 87% used [0x00000000ef200000,0x00000000ef3c03f0,0x00000000ef400000)
  to   space 3072K, 0% used [0x00000000eee00000,0x00000000eee00000,0x00000000ef100000)
 ParOldGen       total 56832K, used 34116K [0x00000000c0000000, 0x00000000c3780000, 0x00000000eaa80000)
  object space 56832K, 60% used [0x00000000c0000000,0x00000000c2151188,0x00000000c3780000)
 PSPermGen       total 41472K, used 25797K [0x00000000bae00000, 0x00000000bd680000, 0x00000000c0000000)
  object space 41472K, 62% used [0x00000000bae00000,0x00000000bc731470,0x00000000bd680000)
GC Heap History (10 events):
Event: 645.030 GC heap before
{Heap before GC invocations=167 (full 1):
 PSYoungGen      total 22528K, used 22464K [0x00000000eaa80000, 0x00000000ef800000, 0x0000000100000000)
  eden space 20992K, 100% used [0x00000000eaa80000,0x00000000ebf00000,0x00000000ebf00000)
  from space 1536K, 95% used [0x00000000ef400000,0x00000000ef5703d0,0x00000000ef580000)
  to   space 2560K, 0% used [0x00000000ef580000,0x00000000ef580000,0x00000000ef800000)
 ParOldGen       total 56832K, used 34068K [0x00000000c0000000, 0x00000000c3780000, 0x00000000eaa80000)
  object space 56832K, 59% used [0x00000000c0000000,0x00000000c2145188,0x00000000c3780000)
 PSPermGen       total 41472K, used 25789K [0x00000000bae00000, 0x00000000bd680000, 0x00000000c0000000)
  object space 41472K, 62% used [0x00000000bae00000,0x00000000bc72f620,0x00000000bd680000)
Event: 645.035 GC heap after
Heap after GC invocations=167 (full 1):
 PSYoungGen      total 22528K, used 1472K [0x00000000eaa80000, 0x00000000ef700000, 0x0000000100000000)
  eden space 20992K, 0% used [0x00000000eaa80000,0x00000000eaa80000,0x00000000ebf00000)
  from space 1536K, 95% used [0x00000000ef580000,0x00000000ef6f03d0,0x00000000ef700000)
  to   space 2560K, 0% used [0x00000000ef200000,0x00000000ef200000,0x00000000ef480000)
 ParOldGen       total 56832K, used 34068K [0x00000000c0000000, 0x00000000c3780000, 0x00000000eaa80000)
  object space 56832K, 59% used [0x00000000c0000000,0x00000000c2145188,0x00000000c3780000)
 PSPermGen       total 41472K, used 25789K [0x00000000bae00000, 0x00000000bd680000, 0x00000000c0000000)
  object space 41472K, 62% used [0x00000000bae00000,0x00000000bc72f620,0x00000000bd680000)
}
Event: 646.655 GC heap before
{Heap before GC invocations=168 (full 1):
 PSYoungGen      total 22528K, used 22464K [0x00000000eaa80000, 0x00000000ef700000, 0x0000000100000000)
  eden space 20992K, 100% used [0x00000000eaa80000,0x00000000ebf00000,0x00000000ebf00000)
  from space 1536K, 95% used [0x00000000ef580000,0x00000000ef6f03d0,0x00000000ef700000)
  to   space 2560K, 0% used [0x00000000ef200000,0x00000000ef200000,0x00000000ef480000)
 ParOldGen       total 56832K, used 34068K [0x00000000c0000000, 0x00000000c3780000, 0x00000000eaa80000)
  object space 56832K, 59% used [0x00000000c0000000,0x00000000c2145188,0x00000000c3780000)
 PSPermGen       total 41472K, used 25789K [0x00000000bae00000, 0x00000000bd680000, 0x00000000c0000000)
  object space 41472K, 62% used [0x00000000bae00000,0x00000000bc72f640,0x00000000bd680000)
Event: 646.659 GC heap after
Heap after GC invocations=168 (full 1):
 PSYoungGen      total 22528K, used 1472K [0x00000000eaa80000, 0x00000000ef600000, 0x0000000100000000)
  eden space 20992K, 0% used [0x00000000eaa80000,0x00000000eaa80000,0x00000000ebf00000)
  from space 1536K, 95% used [0x00000000ef200000,0x00000000ef3703d0,0x00000000ef380000)
  to   space 2560K, 0% used [0x00000000ef380000,0x00000000ef380000,0x00000000ef600000)
 ParOldGen       total 56832K, used 34084K [0x00000000c0000000, 0x00000000c3780000, 0x00000000eaa80000)
  object space 56832K, 59% used [0x00000000c0000000,0x00000000c2149188,0x00000000c3780000)
 PSPermGen       total 41472K, used 25789K [0x00000000bae00000, 0x00000000bd680000, 0x00000000c0000000)
  object space 41472K, 62% used [0x00000000bae00000,0x00000000bc72f640,0x00000000bd680000)
}
Event: 648.317 GC heap before
{Heap before GC invocations=169 (full 1):
 PSYoungGen      total 22528K, used 22464K [0x00000000eaa80000, 0x00000000ef600000, 0x0000000100000000)
  eden space 20992K, 100% used [0x00000000eaa80000,0x00000000ebf00000,0x00000000ebf00000)
  from space 1536K, 95% used [0x00000000ef200000,0x00000000ef3703d0,0x00000000ef380000)
  to   space 2560K, 0% used [0x00000000ef380000,0x00000000ef380000,0x00000000ef600000)
 ParOldGen       total 56832K, used 34084K [0x00000000c0000000, 0x00000000c3780000, 0x00000000eaa80000)
  object space 56832K, 59% used [0x00000000c0000000,0x00000000c2149188,0x00000000c3780000)
 PSPermGen       total 41472K, used 25789K [0x00000000bae00000, 0x00000000bd680000, 0x00000000c0000000)
  object space 41472K, 62% used [0x00000000bae00000,0x00000000bc72f640,0x00000000bd680000)
Event: 648.323 GC heap after
Heap after GC invocations=169 (full 1):
 PSYoungGen      total 22528K, used 1472K [0x00000000eaa80000, 0x00000000ef500000, 0x0000000100000000)
  eden space 20992K, 0% used [0x00000000eaa80000,0x00000000eaa80000,0x00000000ebf00000)
  from space 1536K, 95% used [0x00000000ef380000,0x00000000ef4f03d0,0x00000000ef500000)
  to   space 2560K, 0% used [0x00000000ef000000,0x00000000ef000000,0x00000000ef280000)
 ParOldGen       total 56832K, used 34092K [0x00000000c0000000, 0x00000000c3780000, 0x00000000eaa80000)
  object space 56832K, 59% used [0x00000000c0000000,0x00000000c214b188,0x00000000c3780000)
 PSPermGen       total 41472K, used 25789K [0x00000000bae00000, 0x00000000bd680000, 0x00000000c0000000)
  object space 41472K, 62% used [0x00000000bae00000,0x00000000bc72f640,0x00000000bd680000)
}
Event: 649.797 GC heap before
{Heap before GC invocations=170 (full 1):
 PSYoungGen      total 22528K, used 22464K [0x00000000eaa80000, 0x00000000ef500000, 0x0000000100000000)
  eden space 20992K, 100% used [0x00000000eaa80000,0x00000000ebf00000,0x00000000ebf00000)
  from space 1536K, 95% used [0x00000000ef380000,0x00000000ef4f03d0,0x00000000ef500000)
  to   space 2560K, 0% used [0x00000000ef000000,0x00000000ef000000,0x00000000ef280000)
 ParOldGen       total 56832K, used 34092K [0x00000000c0000000, 0x00000000c3780000, 0x00000000eaa80000)
  object space 56832K, 59% used [0x00000000c0000000,0x00000000c214b188,0x00000000c3780000)
 PSPermGen       total 41472K, used 25792K [0x00000000bae00000, 0x00000000bd680000, 0x00000000c0000000)
  object space 41472K, 62% used [0x00000000bae00000,0x00000000bc730270,0x00000000bd680000)
Event: 649.802 GC heap after
Heap after GC invocations=170 (full 1):
 PSYoungGen      total 23040K, used 2016K [0x00000000eaa80000, 0x00000000ef400000, 0x0000000100000000)
  eden space 20992K, 0% used [0x00000000eaa80000,0x00000000eaa80000,0x00000000ebf00000)
  from space 2048K, 98% used [0x00000000ef000000,0x00000000ef1f83f0,0x00000000ef200000)
  to   space 2048K, 0% used [0x00000000ef200000,0x00000000ef200000,0x00000000ef400000)
 ParOldGen       total 56832K, used 34092K [0x00000000c0000000, 0x00000000c3780000, 0x00000000eaa80000)
  object space 56832K, 59% used [0x00000000c0000000,0x00000000c214b188,0x00000000c3780000)
 PSPermGen       total 41472K, used 25792K [0x00000000bae00000, 0x00000000bd680000, 0x00000000c0000000)
  object space 41472K, 62% used [0x00000000bae00000,0x00000000bc730270,0x00000000bd680000)
}
Event: 651.408 GC heap before
{Heap before GC invocations=171 (full 1):
 PSYoungGen      total 23040K, used 23008K [0x00000000eaa80000, 0x00000000ef400000, 0x0000000100000000)
  eden space 20992K, 100% used [0x00000000eaa80000,0x00000000ebf00000,0x00000000ebf00000)
  from space 2048K, 98% used [0x00000000ef000000,0x00000000ef1f83f0,0x00000000ef200000)
  to   space 2048K, 0% used [0x00000000ef200000,0x00000000ef200000,0x00000000ef400000)
 ParOldGen       total 56832K, used 34092K [0x00000000c0000000, 0x00000000c3780000, 0x00000000eaa80000)
  object space 56832K, 59% used [0x00000000c0000000,0x00000000c214b188,0x00000000c3780000)
 PSPermGen       total 41472K, used 25797K [0x00000000bae00000, 0x00000000bd680000, 0x00000000c0000000)
  object space 41472K, 62% used [0x00000000bae00000,0x00000000bc731470,0x00000000bd680000)
Event: 651.414 GC heap after
Heap after GC invocations=171 (full 1):
 PSYoungGen      total 23040K, used 1792K [0x00000000eaa80000, 0x00000000ef400000, 0x0000000100000000)
  eden space 20992K, 0% used [0x00000000eaa80000,0x00000000eaa80000,0x00000000ebf00000)
  from space 2048K, 87% used [0x00000000ef200000,0x00000000ef3c03f0,0x00000000ef400000)
  to   space 3072K, 0% used [0x00000000eee00000,0x00000000eee00000,0x00000000ef100000)
 ParOldGen       total 56832K, used 34116K [0x00000000c0000000, 0x00000000c3780000, 0x00000000eaa80000)
  object space 56832K, 60% used [0x00000000c0000000,0x00000000c2151188,0x00000000c3780000)
 PSPermGen       total 41472K, used 25797K [0x00000000bae00000, 0x00000000bd680000, 0x00000000c0000000)
  object space 41472K, 62% used [0x00000000bae00000,0x00000000bc731470,0x00000000bd680000)
}

