# JRE version: Java(TM) SE Runtime Environment (7.0_51-b13) (build 1.7.0_51-b13)
# Java VM: Java HotSpot(TM) 64-Bit Server VM (24.51-b03 mixed mode windows-amd64 compressed oops)
Heap
 PSYoungGen      total 68096K, used 21730K [0x00000000eaa80000, 0x00000000ef780000, 0x0000000100000000)
  eden space 62464K, 25% used [0x00000000eaa80000,0x00000000eba4a980,0x00000000ee780000)
  from space 5632K, 98% used [0x00000000ef200000,0x00000000ef76e020,0x00000000ef780000)
  to   space 8192K, 0% used [0x00000000ee780000,0x00000000ee780000,0x00000000eef80000)
 ParOldGen       total 43520K, used 15238K [0x00000000c0000000, 0x00000000c2a80000, 0x00000000eaa80000)
  object space 43520K, 35% used [0x00000000c0000000,0x00000000c0ee1bb0,0x00000000c2a80000)
 PSPermGen       total 26112K, used 26108K [0x00000000bae00000, 0x00000000bc780000, 0x00000000c0000000)
  object space 26112K, 99% used [0x00000000bae00000,0x00000000bc77f260,0x00000000bc780000)
GC Heap History (10 events):
Event: 15.221 GC heap before
{Heap before GC invocations=6 (full 0):
 PSYoungGen      total 19456K, used 19426K [0x00000000eaa80000, 0x00000000ed680000, 0x0000000100000000)
  eden space 16896K, 100% used [0x00000000eaa80000,0x00000000ebb00000,0x00000000ebb00000)
  from space 2560K, 98% used [0x00000000ebb00000,0x00000000ebd78a00,0x00000000ebd80000)
  to   space 5632K, 0% used [0x00000000ed100000,0x00000000ed100000,0x00000000ed680000)
 ParOldGen       total 43520K, used 7033K [0x00000000c0000000, 0x00000000c2a80000, 0x00000000eaa80000)
  object space 43520K, 16% used [0x00000000c0000000,0x00000000c06de7b0,0x00000000c2a80000)
 PSPermGen       total 21504K, used 19398K [0x00000000bae00000, 0x00000000bc300000, 0x00000000c0000000)
  object space 21504K, 90% used [0x00000000bae00000,0x00000000bc0f1b08,0x00000000bc300000)
Event: 15.232 GC heap after
Heap after GC invocations=6 (full 0):
 PSYoungGen      total 39424K, used 3070K [0x00000000eaa80000, 0x00000000ed680000, 0x0000000100000000)
  eden space 33792K, 0% used [0x00000000eaa80000,0x00000000eaa80000,0x00000000ecb80000)
  from space 5632K, 54% used [0x00000000ed100000,0x00000000ed3ff990,0x00000000ed680000)
  to   space 5632K, 0% used [0x00000000ecb80000,0x00000000ecb80000,0x00000000ed100000)
 ParOldGen       total 43520K, used 7041K [0x00000000c0000000, 0x00000000c2a80000, 0x00000000eaa80000)
  object space 43520K, 16% used [0x00000000c0000000,0x00000000c06e07b0,0x00000000c2a80000)
 PSPermGen       total 21504K, used 19398K [0x00000000bae00000, 0x00000000bc300000, 0x00000000c0000000)
  object space 21504K, 90% used [0x00000000bae00000,0x00000000bc0f1b08,0x00000000bc300000)
}
Event: 20.671 GC heap before
{Heap before GC invocations=7 (full 0):
 PSYoungGen      total 39424K, used 36862K [0x00000000eaa80000, 0x00000000ed680000, 0x0000000100000000)
  eden space 33792K, 100% used [0x00000000eaa80000,0x00000000ecb80000,0x00000000ecb80000)
  from space 5632K, 54% used [0x00000000ed100000,0x00000000ed3ff990,0x00000000ed680000)
  to   space 5632K, 0% used [0x00000000ecb80000,0x00000000ecb80000,0x00000000ed100000)
 ParOldGen       total 43520K, used 7041K [0x00000000c0000000, 0x00000000c2a80000, 0x00000000eaa80000)
  object space 43520K, 16% used [0x00000000c0000000,0x00000000c06e07b0,0x00000000c2a80000)
 PSPermGen       total 21504K, used 19504K [0x00000000bae00000, 0x00000000bc300000, 0x00000000c0000000)
  object space 21504K, 90% used [0x00000000bae00000,0x00000000bc10c170,0x00000000bc300000)
Event: 20.684 GC heap after
Heap after GC invocations=7 (full 0):
 PSYoungGen      total 39424K, used 2816K [0x00000000eaa80000, 0x00000000ef780000, 0x0000000100000000)
  eden space 33792K, 0% used [0x00000000eaa80000,0x00000000eaa80000,0x00000000ecb80000)
  from space 5632K, 50% used [0x00000000ecb80000,0x00000000ece40000,0x00000000ed100000)
  to   space 5632K, 0% used [0x00000000ef200000,0x00000000ef200000,0x00000000ef780000)
 ParOldGen       total 43520K, used 8340K [0x00000000c0000000, 0x00000000c2a80000, 0x00000000eaa80000)
  object space 43520K, 19% used [0x00000000c0000000,0x00000000c08250b8,0x00000000c2a80000)
 PSPermGen       total 21504K, used 19504K [0x00000000bae00000, 0x00000000bc300000, 0x00000000c0000000)
  object space 21504K, 90% used [0x00000000bae00000,0x00000000bc10c170,0x00000000bc300000)
}
Event: 21.949 GC heap before
{Heap before GC invocations=8 (full 0):
 PSYoungGen      total 39424K, used 36608K [0x00000000eaa80000, 0x00000000ef780000, 0x0000000100000000)
  eden space 33792K, 100% used [0x00000000eaa80000,0x00000000ecb80000,0x00000000ecb80000)
  from space 5632K, 50% used [0x00000000ecb80000,0x00000000ece40000,0x00000000ed100000)
  to   space 5632K, 0% used [0x00000000ef200000,0x00000000ef200000,0x00000000ef780000)
 ParOldGen       total 43520K, used 8340K [0x00000000c0000000, 0x00000000c2a80000, 0x00000000eaa80000)
  object space 43520K, 19% used [0x00000000c0000000,0x00000000c08250b8,0x00000000c2a80000)
 PSPermGen       total 21504K, used 19813K [0x00000000bae00000, 0x00000000bc300000, 0x00000000c0000000)
  object space 21504K, 92% used [0x00000000bae00000,0x00000000bc1594d0,0x00000000bc300000)
Event: 21.959 GC heap after
Heap after GC invocations=8 (full 0):
 PSYoungGen      total 73216K, used 3168K [0x00000000eaa80000, 0x00000000ef780000, 0x0000000100000000)
  eden space 67584K, 0% used [0x00000000eaa80000,0x00000000eaa80000,0x00000000eec80000)
  from space 5632K, 56% used [0x00000000ef200000,0x00000000ef518020,0x00000000ef780000)
  to   space 5632K, 0% used [0x00000000eec80000,0x00000000eec80000,0x00000000ef200000)
 ParOldGen       total 43520K, used 9028K [0x00000000c0000000, 0x00000000c2a80000, 0x00000000eaa80000)
  object space 43520K, 20% used [0x00000000c0000000,0x00000000c08d10b8,0x00000000c2a80000)
 PSPermGen       total 21504K, used 19813K [0x00000000bae00000, 0x00000000bc300000, 0x00000000c0000000)
  object space 21504K, 92% used [0x00000000bae00000,0x00000000bc1594d0,0x00000000bc300000)
}
Event: 25.094 GC heap before
{Heap before GC invocations=9 (full 0):
 PSYoungGen      total 73216K, used 70752K [0x00000000eaa80000, 0x00000000ef780000, 0x0000000100000000)
  eden space 67584K, 100% used [0x00000000eaa80000,0x00000000eec80000,0x00000000eec80000)
  from space 5632K, 56% used [0x00000000ef200000,0x00000000ef518020,0x00000000ef780000)
  to   space 5632K, 0% used [0x00000000eec80000,0x00000000eec80000,0x00000000ef200000)
 ParOldGen       total 43520K, used 9028K [0x00000000c0000000, 0x00000000c2a80000, 0x00000000eaa80000)
  object space 43520K, 20% used [0x00000000c0000000,0x00000000c08d10b8,0x00000000c2a80000)
 PSPermGen       total 25600K, used 25461K [0x00000000bae00000, 0x00000000bc700000, 0x00000000c0000000)
  object space 25600K, 99% used [0x00000000bae00000,0x00000000bc6dd750,0x00000000bc700000)
Event: 25.116 GC heap after
Heap after GC invocations=9 (full 0):
 PSYoungGen      total 70656K, used 5621K [0x00000000eaa80000, 0x00000000efa00000, 0x0000000100000000)
  eden space 65024K, 0% used [0x00000000eaa80000,0x00000000eaa80000,0x00000000eea00000)
  from space 5632K, 99% used [0x00000000eec80000,0x00000000ef1fd678,0x00000000ef200000)
  to   space 8192K, 0% used [0x00000000ef200000,0x00000000ef200000,0x00000000efa00000)
 ParOldGen       total 43520K, used 13934K [0x00000000c0000000, 0x00000000c2a80000, 0x00000000eaa80000)
  object space 43520K, 32% used [0x00000000c0000000,0x00000000c0d9bbb0,0x00000000c2a80000)
 PSPermGen       total 25600K, used 25461K [0x00000000bae00000, 0x00000000bc700000, 0x00000000c0000000)
  object space 25600K, 99% used [0x00000000bae00000,0x00000000bc6dd750,0x00000000bc700000)
}
Event: 31.147 GC heap before
{Heap before GC invocations=10 (full 0):
 PSYoungGen      total 70656K, used 70645K [0x00000000eaa80000, 0x00000000efa00000, 0x0000000100000000)
  eden space 65024K, 100% used [0x00000000eaa80000,0x00000000eea00000,0x00000000eea00000)
  from space 5632K, 99% used [0x00000000eec80000,0x00000000ef1fd678,0x00000000ef200000)
  to   space 8192K, 0% used [0x00000000ef200000,0x00000000ef200000,0x00000000efa00000)
 ParOldGen       total 43520K, used 13934K [0x00000000c0000000, 0x00000000c2a80000, 0x00000000eaa80000)
  object space 43520K, 32% used [0x00000000c0000000,0x00000000c0d9bbb0,0x00000000c2a80000)
 PSPermGen       total 26112K, used 26087K [0x00000000bae00000, 0x00000000bc780000, 0x00000000c0000000)
  object space 26112K, 99% used [0x00000000bae00000,0x00000000bc779f00,0x00000000bc780000)
Event: 31.165 GC heap after
Heap after GC invocations=10 (full 0):
 PSYoungGen      total 68096K, used 5560K [0x00000000eaa80000, 0x00000000ef780000, 0x0000000100000000)
  eden space 62464K, 0% used [0x00000000eaa80000,0x00000000eaa80000,0x00000000ee780000)
  from space 5632K, 98% used [0x00000000ef200000,0x00000000ef76e020,0x00000000ef780000)
  to   space 8192K, 0% used [0x00000000ee780000,0x00000000ee780000,0x00000000eef80000)
 ParOldGen       total 43520K, used 15238K [0x00000000c0000000, 0x00000000c2a80000, 0x00000000eaa80000)
  object space 43520K, 35% used [0x00000000c0000000,0x00000000c0ee1bb0,0x00000000c2a80000)
 PSPermGen       total 26112K, used 26087K [0x00000000bae00000, 0x00000000bc780000, 0x00000000c0000000)
  object space 26112K, 99% used [0x00000000bae00000,0x00000000bc779f00,0x00000000bc780000)
}

