# JRE version: Java(TM) SE Runtime Environment (7.0_51-b13) (build 1.7.0_51-b13)
# Java VM: Java HotSpot(TM) 64-Bit Server VM (24.51-b03 mixed mode windows-amd64 compressed oops)
Heap
 PSYoungGen      total 148480K, used 141411K [0x00000000eaa80000, 0x00000000f4a80000, 0x0000000100000000)
  eden space 134656K, 98% used [0x00000000eaa80000,0x00000000f2b79660,0x00000000f2e00000)
  from space 13824K, 67% used [0x00000000f3c00000,0x00000000f451f720,0x00000000f4980000)
  to   space 14336K, 0% used [0x00000000f2e00000,0x00000000f2e00000,0x00000000f3c00000)
 ParOldGen       total 43520K, used 18299K [0x00000000c0000000, 0x00000000c2a80000, 0x00000000eaa80000)
  object space 43520K, 42% used [0x00000000c0000000,0x00000000c11defe8,0x00000000c2a80000)
 PSPermGen       total 26112K, used 25976K [0x00000000bae00000, 0x00000000bc780000, 0x00000000c0000000)
  object space 26112K, 99% used [0x00000000bae00000,0x00000000bc75e138,0x00000000bc780000)
GC Heap History (10 events):
Event: 5.592 GC heap before
{Heap before GC invocations=4 (full 0):
 PSYoungGen      total 19456K, used 19442K [0x00000000eaa80000, 0x00000000ed080000, 0x0000000100000000)
  eden space 16896K, 100% used [0x00000000eaa80000,0x00000000ebb00000,0x00000000ebb00000)
  from space 2560K, 99% used [0x00000000ebb00000,0x00000000ebd7ca00,0x00000000ebd80000)
  to   space 2560K, 0% used [0x00000000ece00000,0x00000000ece00000,0x00000000ed080000)
 ParOldGen       total 43520K, used 14029K [0x00000000c0000000, 0x00000000c2a80000, 0x00000000eaa80000)
  object space 43520K, 32% used [0x00000000c0000000,0x00000000c0db3520,0x00000000c2a80000)
 PSPermGen       total 21504K, used 18352K [0x00000000bae00000, 0x00000000bc300000, 0x00000000c0000000)
  object space 21504K, 85% used [0x00000000bae00000,0x00000000bbfec180,0x00000000bc300000)
Event: 5.599 GC heap after
Heap after GC invocations=4 (full 0):
 PSYoungGen      total 36352K, used 2546K [0x00000000eaa80000, 0x00000000ed080000, 0x0000000100000000)
  eden space 33792K, 0% used [0x00000000eaa80000,0x00000000eaa80000,0x00000000ecb80000)
  from space 2560K, 99% used [0x00000000ece00000,0x00000000ed07ca00,0x00000000ed080000)
  to   space 2560K, 0% used [0x00000000ecb80000,0x00000000ecb80000,0x00000000ece00000)
 ParOldGen       total 43520K, used 14218K [0x00000000c0000000, 0x00000000c2a80000, 0x00000000eaa80000)
  object space 43520K, 32% used [0x00000000c0000000,0x00000000c0de2bf0,0x00000000c2a80000)
 PSPermGen       total 21504K, used 18352K [0x00000000bae00000, 0x00000000bc300000, 0x00000000c0000000)
  object space 21504K, 85% used [0x00000000bae00000,0x00000000bbfec180,0x00000000bc300000)
}
Event: 8.550 GC heap before
{Heap before GC invocations=5 (full 0):
 PSYoungGen      total 36352K, used 36338K [0x00000000eaa80000, 0x00000000ed080000, 0x0000000100000000)
  eden space 33792K, 100% used [0x00000000eaa80000,0x00000000ecb80000,0x00000000ecb80000)
  from space 2560K, 99% used [0x00000000ece00000,0x00000000ed07ca00,0x00000000ed080000)
  to   space 2560K, 0% used [0x00000000ecb80000,0x00000000ecb80000,0x00000000ece00000)
 ParOldGen       total 43520K, used 14218K [0x00000000c0000000, 0x00000000c2a80000, 0x00000000eaa80000)
  object space 43520K, 32% used [0x00000000c0000000,0x00000000c0de2bf0,0x00000000c2a80000)
 PSPermGen       total 21504K, used 19096K [0x00000000bae00000, 0x00000000bc300000, 0x00000000c0000000)
  object space 21504K, 88% used [0x00000000bae00000,0x00000000bc0a63c8,0x00000000bc300000)
Event: 8.559 GC heap after
Heap after GC invocations=5 (full 0):
 PSYoungGen      total 36352K, used 2530K [0x00000000eaa80000, 0x00000000f0280000, 0x0000000100000000)
  eden space 33792K, 0% used [0x00000000eaa80000,0x00000000eaa80000,0x00000000ecb80000)
  from space 2560K, 98% used [0x00000000ecb80000,0x00000000ecdf89f0,0x00000000ece00000)
  to   space 11264K, 0% used [0x00000000ef780000,0x00000000ef780000,0x00000000f0280000)
 ParOldGen       total 43520K, used 15529K [0x00000000c0000000, 0x00000000c2a80000, 0x00000000eaa80000)
  object space 43520K, 35% used [0x00000000c0000000,0x00000000c0f2a6b8,0x00000000c2a80000)
 PSPermGen       total 21504K, used 19096K [0x00000000bae00000, 0x00000000bc300000, 0x00000000c0000000)
  object space 21504K, 88% used [0x00000000bae00000,0x00000000bc0a63c8,0x00000000bc300000)
}
Event: 9.644 GC heap before
{Heap before GC invocations=6 (full 0):
 PSYoungGen      total 36352K, used 36322K [0x00000000eaa80000, 0x00000000f0280000, 0x0000000100000000)
  eden space 33792K, 100% used [0x00000000eaa80000,0x00000000ecb80000,0x00000000ecb80000)
  from space 2560K, 98% used [0x00000000ecb80000,0x00000000ecdf89f0,0x00000000ece00000)
  to   space 11264K, 0% used [0x00000000ef780000,0x00000000ef780000,0x00000000f0280000)
 ParOldGen       total 43520K, used 15529K [0x00000000c0000000, 0x00000000c2a80000, 0x00000000eaa80000)
  object space 43520K, 35% used [0x00000000c0000000,0x00000000c0f2a6b8,0x00000000c2a80000)
 PSPermGen       total 21504K, used 19624K [0x00000000bae00000, 0x00000000bc300000, 0x00000000c0000000)
  object space 21504K, 91% used [0x00000000bae00000,0x00000000bc12a108,0x00000000bc300000)
Event: 9.656 GC heap after
Heap after GC invocations=6 (full 0):
 PSYoungGen      total 77824K, used 5003K [0x00000000eaa80000, 0x00000000f0180000, 0x0000000100000000)
  eden space 67584K, 0% used [0x00000000eaa80000,0x00000000eaa80000,0x00000000eec80000)
  from space 10240K, 48% used [0x00000000ef780000,0x00000000efc62ff8,0x00000000f0180000)
  to   space 10752K, 0% used [0x00000000eec80000,0x00000000eec80000,0x00000000ef700000)
 ParOldGen       total 43520K, used 15529K [0x00000000c0000000, 0x00000000c2a80000, 0x00000000eaa80000)
  object space 43520K, 35% used [0x00000000c0000000,0x00000000c0f2a6b8,0x00000000c2a80000)
 PSPermGen       total 21504K, used 19624K [0x00000000bae00000, 0x00000000bc300000, 0x00000000c0000000)
  object space 21504K, 91% used [0x00000000bae00000,0x00000000bc12a108,0x00000000bc300000)
}
Event: 14.548 GC heap before
{Heap before GC invocations=7 (full 0):
 PSYoungGen      total 77824K, used 72587K [0x00000000eaa80000, 0x00000000f0180000, 0x0000000100000000)
  eden space 67584K, 100% used [0x00000000eaa80000,0x00000000eec80000,0x00000000eec80000)
  from space 10240K, 48% used [0x00000000ef780000,0x00000000efc62ff8,0x00000000f0180000)
  to   space 10752K, 0% used [0x00000000eec80000,0x00000000eec80000,0x00000000ef700000)
 ParOldGen       total 43520K, used 15529K [0x00000000c0000000, 0x00000000c2a80000, 0x00000000eaa80000)
  object space 43520K, 35% used [0x00000000c0000000,0x00000000c0f2a6b8,0x00000000c2a80000)
 PSPermGen       total 26112K, used 25635K [0x00000000bae00000, 0x00000000bc780000, 0x00000000c0000000)
  object space 26112K, 98% used [0x00000000bae00000,0x00000000bc708f98,0x00000000bc780000)
Event: 14.575 GC heap after
Heap after GC invocations=7 (full 0):
 PSYoungGen      total 78336K, used 10734K [0x00000000eaa80000, 0x00000000f4980000, 0x0000000100000000)
  eden space 67584K, 0% used [0x00000000eaa80000,0x00000000eaa80000,0x00000000eec80000)
  from space 10752K, 99% used [0x00000000eec80000,0x00000000ef6fbaa0,0x00000000ef700000)
  to   space 13824K, 0% used [0x00000000f3c00000,0x00000000f3c00000,0x00000000f4980000)
 ParOldGen       total 43520K, used 18035K [0x00000000c0000000, 0x00000000c2a80000, 0x00000000eaa80000)
  object space 43520K, 41% used [0x00000000c0000000,0x00000000c119cfe8,0x00000000c2a80000)
 PSPermGen       total 26112K, used 25635K [0x00000000bae00000, 0x00000000bc780000, 0x00000000c0000000)
  object space 26112K, 98% used [0x00000000bae00000,0x00000000bc708f98,0x00000000bc780000)
}
Event: 21.061 GC heap before
{Heap before GC invocations=8 (full 0):
 PSYoungGen      total 78336K, used 78318K [0x00000000eaa80000, 0x00000000f4980000, 0x0000000100000000)
  eden space 67584K, 100% used [0x00000000eaa80000,0x00000000eec80000,0x00000000eec80000)
  from space 10752K, 99% used [0x00000000eec80000,0x00000000ef6fbaa0,0x00000000ef700000)
  to   space 13824K, 0% used [0x00000000f3c00000,0x00000000f3c00000,0x00000000f4980000)
 ParOldGen       total 43520K, used 18035K [0x00000000c0000000, 0x00000000c2a80000, 0x00000000eaa80000)
  object space 43520K, 41% used [0x00000000c0000000,0x00000000c119cfe8,0x00000000c2a80000)
 PSPermGen       total 26112K, used 25902K [0x00000000bae00000, 0x00000000bc780000, 0x00000000c0000000)
  object space 26112K, 99% used [0x00000000bae00000,0x00000000bc74bbb0,0x00000000bc780000)
Event: 21.080 GC heap after
Heap after GC invocations=8 (full 0):
 PSYoungGen      total 148480K, used 9341K [0x00000000eaa80000, 0x00000000f4a80000, 0x0000000100000000)
  eden space 134656K, 0% used [0x00000000eaa80000,0x00000000eaa80000,0x00000000f2e00000)
  from space 13824K, 67% used [0x00000000f3c00000,0x00000000f451f720,0x00000000f4980000)
  to   space 14336K, 0% used [0x00000000f2e00000,0x00000000f2e00000,0x00000000f3c00000)
 ParOldGen       total 43520K, used 18299K [0x00000000c0000000, 0x00000000c2a80000, 0x00000000eaa80000)
  object space 43520K, 42% used [0x00000000c0000000,0x00000000c11defe8,0x00000000c2a80000)
 PSPermGen       total 26112K, used 25902K [0x00000000bae00000, 0x00000000bc780000, 0x00000000c0000000)
  object space 26112K, 99% used [0x00000000bae00000,0x00000000bc74bbb0,0x00000000bc780000)
}

